<?xml version="1.0" encoding="UTF-8"?>
<testng-results ignored="0" total="1" passed="1" failed="0" skipped="0">
  <reporter-output>
  </reporter-output>
  <suite started-at="2024-05-30T00:06:12 EDT" name="Default suite" finished-at="2024-05-30T00:06:15 EDT" duration-ms="3159">
    <groups>
    </groups>
    <test started-at="2024-05-30T00:06:12 EDT" name="Default test" finished-at="2024-05-30T00:06:15 EDT" duration-ms="3159">
      <class name="com.salesforce.TestCase1">
        <test-method signature="tc_1()[pri:0, instance:com.salesforce.TestCase1@6574a52c]" started-at="2024-05-30T00:06:12 EDT" name="tc_1" finished-at="2024-05-30T00:06:15 EDT" duration-ms="3118" status="PASS">
          <reporter-output>
          </reporter-output>
        </test-method> <!-- tc_1 -->
      </class> <!-- com.salesforce.TestCase1 -->
    </test> <!-- Default test -->
  </suite> <!-- Default suite -->
</testng-results>
